2016-09-18 21:58:03,687 INF                  GServerInstance$          Process started
2016-09-18 21:58:05,514 INF                  GServerInstance$          Resolving Finagle clients before warmup
2016-09-18 21:58:05,520 INF                  GServerInstance$          Done resolving clients: [].
2016-09-18 21:58:05,522 INF                  FinagleBuildRevision$     Resolved Finagle build revision: (rev=aa4f855a8bea18429c2ad99f6184bcd4d4645227)
2016-09-18 22:00:16,873 INF                  GServerInstance$          Process started
2016-09-18 22:00:18,126 INF                  GServerInstance$          Resolving Finagle clients before warmup
2016-09-18 22:00:18,130 INF                  GServerInstance$          Done resolving clients: [].
2016-09-18 22:00:18,132 INF                  FinagleBuildRevision$     Resolved Finagle build revision: (rev=aa4f855a8bea18429c2ad99f6184bcd4d4645227)
2016-09-18 22:00:18,948 DEB                  MessageBodyModule$        Configuring MessageBodyManager
2016-09-18 22:00:18,971 INF                  GServerInstance$          Warming up.
2016-09-18 22:00:19,080 INF                  HttpRouter                Adding routes
GET     /ping
POST    /login
2016-09-18 22:00:19,091 INF                  GServerInstance$           => com.twitter.server.handler.AdminRedirectHandler
2016-09-18 22:00:19,091 INF                  GServerInstance$          /admin => com.twitter.server.handler.SummaryHandler
2016-09-18 22:00:19,091 INF                  GServerInstance$          /admin/server_info => com.twitter.finagle.Filter$$anon$1
2016-09-18 22:00:19,091 INF                  GServerInstance$          /admin/contention => com.twitter.finagle.Filter$$anon$1
2016-09-18 22:00:19,091 INF                  GServerInstance$          /admin/lint => com.twitter.server.handler.LintHandler
2016-09-18 22:00:19,091 INF                  GServerInstance$          /admin/lint.json => com.twitter.server.handler.LintHandler
2016-09-18 22:00:19,091 INF                  GServerInstance$          /admin/threads => com.twitter.server.handler.ThreadsHandler
2016-09-18 22:00:19,092 INF                  GServerInstance$          /admin/threads.json => com.twitter.server.handler.ThreadsHandler
2016-09-18 22:00:19,092 INF                  GServerInstance$          /admin/announcer => com.twitter.finagle.Filter$$anon$1
2016-09-18 22:00:19,092 INF                  GServerInstance$          /admin/dtab => com.twitter.finagle.Filter$$anon$1
2016-09-18 22:00:19,092 INF                  GServerInstance$          /admin/pprof/heap => com.twitter.server.handler.HeapResourceHandler
2016-09-18 22:00:19,092 INF                  GServerInstance$          /admin/pprof/profile => com.twitter.server.handler.ProfileResourceHandler
2016-09-18 22:00:19,092 INF                  GServerInstance$          /admin/pprof/contention => com.twitter.server.handler.ProfileResourceHandler
2016-09-18 22:00:19,092 INF                  GServerInstance$          /admin/ping => com.twitter.server.handler.ReplyHandler
2016-09-18 22:00:19,092 INF                  GServerInstance$          /admin/shutdown => com.twitter.server.handler.ShutdownHandler
2016-09-18 22:00:19,093 INF                  GServerInstance$          /admin/tracing => com.twitter.server.handler.TracingHandler
2016-09-18 22:00:19,093 INF                  GServerInstance$          /admin/events => com.twitter.server.handler.EventsHandler
2016-09-18 22:00:19,093 INF                  GServerInstance$          /admin/events/record/ => com.twitter.server.handler.EventRecordingHandler
2016-09-18 22:00:19,093 INF                  GServerInstance$          /admin/logging => com.twitter.server.handler.LoggingHandler
2016-09-18 22:00:19,093 INF                  GServerInstance$          /admin/metrics => com.twitter.server.handler.MetricQueryHandler
2016-09-18 22:00:19,093 INF                  GServerInstance$          /admin/clients/ => com.twitter.server.handler.ClientRegistryHandler
2016-09-18 22:00:19,093 INF                  GServerInstance$          /admin/servers/ => com.twitter.server.handler.ServerRegistryHandler
2016-09-18 22:00:19,094 INF                  GServerInstance$          /admin/files/ => com.twitter.server.handler.ResourceHandler
2016-09-18 22:00:19,094 INF                  GServerInstance$          /admin/registry.json => com.twitter.server.handler.RegistryHandler
2016-09-18 22:00:19,094 INF                  GServerInstance$          /admin/toggles => com.twitter.server.handler.ToggleHandler
2016-09-18 22:00:19,094 INF                  GServerInstance$          /admin/toggles/ => com.twitter.server.handler.ToggleHandler
2016-09-18 22:00:19,094 INF                  GServerInstance$          /favicon.ico => com.twitter.server.handler.ResourceHandler
2016-09-18 22:00:19,094 INF                  GServerInstance$          /admin/histograms => com.twitter.server.handler.HistogramQueryHandler
2016-09-18 22:00:19,095 INF                  GServerInstance$          /admin/histograms.json => com.twitter.server.handler.HistogramQueryHandler
2016-09-18 22:00:19,145 INF                  GServerInstance$          http server started on port: 8080
2016-09-18 22:00:19,146 INF                  GServerInstance$          Enabling health endpoint on port 9990
2016-09-18 22:00:19,149 INF                  GServerInstance$          core.GServerInstance started.
2016-09-18 22:00:19,150 INF                  GServerInstance$          Startup complete, server ready.
2016-09-18 22:00:38,336 DEB                  RoutingService            Request("GET /favicon.ico", from /127.0.0.1:52796) not found in registered routes: GET     /ping, POST    /login
2016-09-18 22:01:01,943 INF                  GServerInstance$          Process started
2016-09-18 22:01:03,865 INF                  GServerInstance$          Resolving Finagle clients before warmup
2016-09-18 22:01:03,877 INF                  GServerInstance$          Done resolving clients: [].
2016-09-18 22:01:03,881 INF                  FinagleBuildRevision$     Resolved Finagle build revision: (rev=aa4f855a8bea18429c2ad99f6184bcd4d4645227)
2016-09-18 22:01:04,939 DEB                  MessageBodyModule$        Configuring MessageBodyManager
2016-09-18 22:01:04,982 INF                  GServerInstance$          Warming up.
2016-09-18 22:01:05,168 INF                  HttpRouter                Adding routes
GET     /ping
POST    /login
2016-09-18 22:01:05,198 INF                  GServerInstance$           => com.twitter.server.handler.AdminRedirectHandler
2016-09-18 22:01:05,199 INF                  GServerInstance$          /admin => com.twitter.server.handler.SummaryHandler
2016-09-18 22:01:05,199 INF                  GServerInstance$          /admin/server_info => com.twitter.finagle.Filter$$anon$1
2016-09-18 22:01:05,203 INF                  GServerInstance$          /admin/contention => com.twitter.finagle.Filter$$anon$1
2016-09-18 22:01:05,203 INF                  GServerInstance$          /admin/lint => com.twitter.server.handler.LintHandler
2016-09-18 22:01:05,218 INF                  GServerInstance$          /admin/lint.json => com.twitter.server.handler.LintHandler
2016-09-18 22:01:05,218 INF                  GServerInstance$          /admin/threads => com.twitter.server.handler.ThreadsHandler
2016-09-18 22:01:05,218 INF                  GServerInstance$          /admin/threads.json => com.twitter.server.handler.ThreadsHandler
2016-09-18 22:01:05,219 INF                  GServerInstance$          /admin/announcer => com.twitter.finagle.Filter$$anon$1
2016-09-18 22:01:05,219 INF                  GServerInstance$          /admin/dtab => com.twitter.finagle.Filter$$anon$1
2016-09-18 22:01:05,219 INF                  GServerInstance$          /admin/pprof/heap => com.twitter.server.handler.HeapResourceHandler
2016-09-18 22:01:05,219 INF                  GServerInstance$          /admin/pprof/profile => com.twitter.server.handler.ProfileResourceHandler
2016-09-18 22:01:05,219 INF                  GServerInstance$          /admin/pprof/contention => com.twitter.server.handler.ProfileResourceHandler
2016-09-18 22:01:05,219 INF                  GServerInstance$          /admin/ping => com.twitter.server.handler.ReplyHandler
2016-09-18 22:01:05,219 INF                  GServerInstance$          /admin/shutdown => com.twitter.server.handler.ShutdownHandler
2016-09-18 22:01:05,219 INF                  GServerInstance$          /admin/tracing => com.twitter.server.handler.TracingHandler
2016-09-18 22:01:05,220 INF                  GServerInstance$          /admin/events => com.twitter.server.handler.EventsHandler
2016-09-18 22:01:05,220 INF                  GServerInstance$          /admin/events/record/ => com.twitter.server.handler.EventRecordingHandler
2016-09-18 22:01:05,220 INF                  GServerInstance$          /admin/logging => com.twitter.server.handler.LoggingHandler
2016-09-18 22:01:05,220 INF                  GServerInstance$          /admin/metrics => com.twitter.server.handler.MetricQueryHandler
2016-09-18 22:01:05,221 INF                  GServerInstance$          /admin/clients/ => com.twitter.server.handler.ClientRegistryHandler
2016-09-18 22:01:05,221 INF                  GServerInstance$          /admin/servers/ => com.twitter.server.handler.ServerRegistryHandler
2016-09-18 22:01:05,221 INF                  GServerInstance$          /admin/files/ => com.twitter.server.handler.ResourceHandler
2016-09-18 22:01:05,222 INF                  GServerInstance$          /admin/registry.json => com.twitter.server.handler.RegistryHandler
2016-09-18 22:01:05,222 INF                  GServerInstance$          /admin/toggles => com.twitter.server.handler.ToggleHandler
2016-09-18 22:01:05,222 INF                  GServerInstance$          /admin/toggles/ => com.twitter.server.handler.ToggleHandler
2016-09-18 22:01:05,222 INF                  GServerInstance$          /favicon.ico => com.twitter.server.handler.ResourceHandler
2016-09-18 22:01:05,223 INF                  GServerInstance$          /admin/histograms => com.twitter.server.handler.HistogramQueryHandler
2016-09-18 22:01:05,223 INF                  GServerInstance$          /admin/histograms.json => com.twitter.server.handler.HistogramQueryHandler
2016-09-18 22:01:05,301 INF                  GServerInstance$          http server started on port: 8080
2016-09-18 22:01:05,305 INF                  GServerInstance$          Enabling health endpoint on port 9990
2016-09-18 22:01:05,307 INF                  GServerInstance$          core.GServerInstance started.
2016-09-18 22:01:05,308 INF                  GServerInstance$          Startup complete, server ready.
2016-09-18 22:01:23,822 DEB                  RoutingService            Request("GET /login?username=alex&password=qwert", from /127.0.0.1:52816) not found in registered routes: GET     /ping, POST    /login
2016-09-18 22:01:49,718 DEB                  RoutingService            Request("GET /login?username=alex&password=qwert", from /127.0.0.1:52816) not found in registered routes: GET     /ping, POST    /login
2016-09-18 22:02:39,344 DEB                  RoutingService            Request("GET /login", from /127.0.0.1:52816) not found in registered routes: GET     /ping, POST    /login
2016-09-18 22:03:12,267 DEB                  RoutingService            Request("GET /login", from /127.0.0.1:52816) not found in registered routes: GET     /ping, POST    /login
2016-09-18 22:04:19,960 ERR                  FinatraDefaultExceptionMapper Unhandled Exception
java.lang.ClassCastException: java.lang.Integer cannot be cast to java.util.UUID
	at core.database.DB$$anonfun$getUserByName$1.apply(DB.scala:47)
	at core.database.DB$$anonfun$getUserByName$1.apply(DB.scala:46)
	at scala.collection.immutable.List.map(List.scala:273)
	at com.twitter.finagle.postgres.Client$$anonfun$select$1$$anonfun$apply$27.apply(Client.scala:154)
	at com.twitter.finagle.postgres.Client$$anonfun$select$1$$anonfun$apply$27.apply(Client.scala:154)
	at com.twitter.util.Future$$anonfun$map$1$$anonfun$apply$3.apply(Future.scala:1148)
	at com.twitter.util.Try$.apply(Try.scala:15)
	at com.twitter.util.Future$.apply(Future.scala:165)
	at com.twitter.util.Future$$anonfun$map$1.apply(Future.scala:1148)
	at com.twitter.util.Future$$anonfun$map$1.apply(Future.scala:1147)
	at com.twitter.util.Promise$Transformer.liftedTree1$1(Promise.scala:107)
	at com.twitter.util.Promise$Transformer.k(Promise.scala:107)
	at com.twitter.util.Promise$Transformer.apply(Promise.scala:117)
	at com.twitter.util.Promise$Transformer.apply(Promise.scala:98)
	at com.twitter.util.Promise$$anon$1.run(Promise.scala:421)
	at com.twitter.concurrent.LocalScheduler$Activation.run(Scheduler.scala:200)
	at com.twitter.concurrent.LocalScheduler$Activation.submit(Scheduler.scala:158)
	at com.twitter.concurrent.LocalScheduler.submit(Scheduler.scala:272)
	at com.twitter.concurrent.Scheduler$.submit(Scheduler.scala:108)
	at com.twitter.util.Promise.runq(Promise.scala:405)
	at com.twitter.util.Promise.updateIfEmpty(Promise.scala:796)
	at com.twitter.util.Promise.update(Promise.scala:770)
	at com.twitter.util.Promise.setValue(Promise.scala:746)
	at com.twitter.concurrent.AsyncQueue.offer(AsyncQueue.scala:120)
	at com.twitter.finagle.netty3.transport.ChannelTransport.handleUpstream(ChannelTransport.scala:55)
	at org.jboss.netty.channel.DefaultChannelPipeline.sendUpstream(DefaultChannelPipeline.java:564)
	at org.jboss.netty.channel.DefaultChannelPipeline$DefaultChannelHandlerContext.sendUpstream(DefaultChannelPipeline.java:791)
	at org.jboss.netty.channel.Channels.fireMessageReceived(Channels.java:281)
	at com.twitter.finagle.postgres.codec.PgClientChannelHandler$$anonfun$messageReceived$3.apply(PgCodec.scala:251)
	at com.twitter.finagle.postgres.codec.PgClientChannelHandler$$anonfun$messageReceived$3.apply(PgCodec.scala:251)
	at scala.Option.map(Option.scala:146)
	at com.twitter.finagle.postgres.codec.PgClientChannelHandler.messageReceived(PgCodec.scala:250)
	at org.jboss.netty.channel.SimpleChannelHandler.handleUpstream(SimpleChannelHandler.java:88)
	at org.jboss.netty.channel.DefaultChannelPipeline.sendUpstream(DefaultChannelPipeline.java:564)
	at org.jboss.netty.channel.DefaultChannelPipeline$DefaultChannelHandlerContext.sendUpstream(DefaultChannelPipeline.java:791)
	at org.jboss.netty.channel.Channels.fireMessageReceived(Channels.java:281)
	at com.twitter.finagle.postgres.codec.BackendMessageDecoder.messageReceived(PgCodec.scala:164)
	at org.jboss.netty.channel.SimpleChannelHandler.handleUpstream(SimpleChannelHandler.java:88)
	at org.jboss.netty.channel.DefaultChannelPipeline.sendUpstream(DefaultChannelPipeline.java:564)
	at org.jboss.netty.channel.DefaultChannelPipeline$DefaultChannelHandlerContext.sendUpstream(DefaultChannelPipeline.java:791)
	at org.jboss.netty.channel.Channels.fireMessageReceived(Channels.java:296)
	at org.jboss.netty.handler.codec.frame.FrameDecoder.unfoldAndFireMessageReceived(FrameDecoder.java:462)
	at org.jboss.netty.handler.codec.frame.FrameDecoder.callDecode(FrameDecoder.java:443)
	at org.jboss.netty.handler.codec.frame.FrameDecoder.messageReceived(FrameDecoder.java:303)
	at org.jboss.netty.channel.SimpleChannelUpstreamHandler.handleUpstream(SimpleChannelUpstreamHandler.java:70)
	at org.jboss.netty.channel.DefaultChannelPipeline.sendUpstream(DefaultChannelPipeline.java:564)
	at org.jboss.netty.channel.DefaultChannelPipeline$DefaultChannelHandlerContext.sendUpstream(DefaultChannelPipeline.java:791)
	at org.jboss.netty.channel.SimpleChannelHandler.messageReceived(SimpleChannelHandler.java:142)
	at com.twitter.finagle.netty3.channel.ChannelStatsHandler.messageReceived(ChannelStatsHandler.scala:68)
	at org.jboss.netty.channel.SimpleChannelHandler.handleUpstream(SimpleChannelHandler.java:88)
	at org.jboss.netty.channel.DefaultChannelPipeline.sendUpstream(DefaultChannelPipeline.java:564)
	at org.jboss.netty.channel.DefaultChannelPipeline$DefaultChannelHandlerContext.sendUpstream(DefaultChannelPipeline.java:791)
	at org.jboss.netty.channel.SimpleChannelHandler.messageReceived(SimpleChannelHandler.java:142)
	at com.twitter.finagle.netty3.channel.ChannelRequestStatsHandler.messageReceived(ChannelRequestStatsHandler.scala:32)
	at org.jboss.netty.channel.SimpleChannelHandler.handleUpstream(SimpleChannelHandler.java:88)
	at org.jboss.netty.channel.DefaultChannelPipeline.sendUpstream(DefaultChannelPipeline.java:564)
	at org.jboss.netty.channel.DefaultChannelPipeline.sendUpstream(DefaultChannelPipeline.java:559)
	at org.jboss.netty.channel.Channels.fireMessageReceived(Channels.java:268)
	at org.jboss.netty.channel.Channels.fireMessageReceived(Channels.java:255)
	at org.jboss.netty.channel.socket.nio.NioWorker.read(NioWorker.java:88)
	at org.jboss.netty.channel.socket.nio.AbstractNioWorker.process(AbstractNioWorker.java:108)
	at org.jboss.netty.channel.socket.nio.AbstractNioSelector.run(AbstractNioSelector.java:337)
	at org.jboss.netty.channel.socket.nio.AbstractNioWorker.run(AbstractNioWorker.java:89)
	at org.jboss.netty.channel.socket.nio.NioWorker.run(NioWorker.java:178)
	at org.jboss.netty.util.ThreadRenamingRunnable.run(ThreadRenamingRunnable.java:108)
	at org.jboss.netty.util.internal.DeadLockProofWorker$1.run(DeadLockProofWorker.java:42)
	at java.util.concurrent.ThreadPoolExecutor.runWorker(ThreadPoolExecutor.java:1142)
	at java.util.concurrent.ThreadPoolExecutor$Worker.run(ThreadPoolExecutor.java:617)
	at com.twitter.finagle.util.ProxyThreadFactory$$anonfun$newProxiedRunnable$1$$anon$1.run(ProxyThreadFactory.scala:19)
	at java.lang.Thread.run(Thread.java:745)
2016-09-18 22:04:19,964 WAR                  ResponseBuilder           Request Failure: Internal/Unhandled/java.lang.ClassCastException 
2016-09-18 22:15:22,728 INF                  GServerInstance$          Process started
2016-09-18 22:15:24,568 INF                  GServerInstance$          Resolving Finagle clients before warmup
2016-09-18 22:15:24,574 INF                  GServerInstance$          Done resolving clients: [].
2016-09-18 22:15:24,577 INF                  FinagleBuildRevision$     Resolved Finagle build revision: (rev=aa4f855a8bea18429c2ad99f6184bcd4d4645227)
2016-09-18 22:15:25,895 DEB                  MessageBodyModule$        Configuring MessageBodyManager
2016-09-18 22:15:25,961 INF                  GServerInstance$          Warming up.
2016-09-18 22:15:26,198 INF                  HttpRouter                Adding routes
GET     /ping
POST    /login
2016-09-18 22:15:26,208 INF                  GServerInstance$           => com.twitter.server.handler.AdminRedirectHandler
2016-09-18 22:15:26,208 INF                  GServerInstance$          /admin => com.twitter.server.handler.SummaryHandler
2016-09-18 22:15:26,208 INF                  GServerInstance$          /admin/server_info => com.twitter.finagle.Filter$$anon$1
2016-09-18 22:15:26,208 INF                  GServerInstance$          /admin/contention => com.twitter.finagle.Filter$$anon$1
2016-09-18 22:15:26,209 INF                  GServerInstance$          /admin/lint => com.twitter.server.handler.LintHandler
2016-09-18 22:15:26,209 INF                  GServerInstance$          /admin/lint.json => com.twitter.server.handler.LintHandler
2016-09-18 22:15:26,209 INF                  GServerInstance$          /admin/threads => com.twitter.server.handler.ThreadsHandler
2016-09-18 22:15:26,209 INF                  GServerInstance$          /admin/threads.json => com.twitter.server.handler.ThreadsHandler
2016-09-18 22:15:26,209 INF                  GServerInstance$          /admin/announcer => com.twitter.finagle.Filter$$anon$1
2016-09-18 22:15:26,209 INF                  GServerInstance$          /admin/dtab => com.twitter.finagle.Filter$$anon$1
2016-09-18 22:15:26,209 INF                  GServerInstance$          /admin/pprof/heap => com.twitter.server.handler.HeapResourceHandler
2016-09-18 22:15:26,209 INF                  GServerInstance$          /admin/pprof/profile => com.twitter.server.handler.ProfileResourceHandler
2016-09-18 22:15:26,210 INF                  GServerInstance$          /admin/pprof/contention => com.twitter.server.handler.ProfileResourceHandler
2016-09-18 22:15:26,210 INF                  GServerInstance$          /admin/ping => com.twitter.server.handler.ReplyHandler
2016-09-18 22:15:26,210 INF                  GServerInstance$          /admin/shutdown => com.twitter.server.handler.ShutdownHandler
2016-09-18 22:15:26,210 INF                  GServerInstance$          /admin/tracing => com.twitter.server.handler.TracingHandler
2016-09-18 22:15:26,210 INF                  GServerInstance$          /admin/events => com.twitter.server.handler.EventsHandler
2016-09-18 22:15:26,210 INF                  GServerInstance$          /admin/events/record/ => com.twitter.server.handler.EventRecordingHandler
2016-09-18 22:15:26,210 INF                  GServerInstance$          /admin/logging => com.twitter.server.handler.LoggingHandler
2016-09-18 22:15:26,210 INF                  GServerInstance$          /admin/metrics => com.twitter.server.handler.MetricQueryHandler
2016-09-18 22:15:26,210 INF                  GServerInstance$          /admin/clients/ => com.twitter.server.handler.ClientRegistryHandler
2016-09-18 22:15:26,210 INF                  GServerInstance$          /admin/servers/ => com.twitter.server.handler.ServerRegistryHandler
2016-09-18 22:15:26,211 INF                  GServerInstance$          /admin/files/ => com.twitter.server.handler.ResourceHandler
2016-09-18 22:15:26,211 INF                  GServerInstance$          /admin/registry.json => com.twitter.server.handler.RegistryHandler
2016-09-18 22:15:26,211 INF                  GServerInstance$          /admin/toggles => com.twitter.server.handler.ToggleHandler
2016-09-18 22:15:26,211 INF                  GServerInstance$          /admin/toggles/ => com.twitter.server.handler.ToggleHandler
2016-09-18 22:15:26,211 INF                  GServerInstance$          /favicon.ico => com.twitter.server.handler.ResourceHandler
2016-09-18 22:15:26,211 INF                  GServerInstance$          /admin/histograms => com.twitter.server.handler.HistogramQueryHandler
2016-09-18 22:15:26,211 INF                  GServerInstance$          /admin/histograms.json => com.twitter.server.handler.HistogramQueryHandler
2016-09-18 22:15:26,238 INF                  GServerInstance$          http server started on port: 8080
2016-09-18 22:15:26,239 INF                  GServerInstance$          Enabling health endpoint on port 9990
2016-09-18 22:15:26,241 INF                  GServerInstance$          core.GServerInstance started.
2016-09-18 22:15:26,242 INF                  GServerInstance$          Startup complete, server ready.
2016-09-18 22:15:36,857 INF                  GServerInstance$          Process started
2016-09-18 22:15:40,096 INF                  GServerInstance$          Resolving Finagle clients before warmup
2016-09-18 22:15:40,104 INF                  GServerInstance$          Done resolving clients: [].
2016-09-18 22:15:40,109 INF                  FinagleBuildRevision$     Resolved Finagle build revision: (rev=aa4f855a8bea18429c2ad99f6184bcd4d4645227)
2016-09-18 22:15:41,150 DEB                  MessageBodyModule$        Configuring MessageBodyManager
2016-09-18 22:15:41,175 INF                  GServerInstance$          Warming up.
2016-09-18 22:15:41,332 INF                  HttpRouter                Adding routes
GET     /ping
POST    /login
2016-09-18 22:15:41,339 INF                  GServerInstance$           => com.twitter.server.handler.AdminRedirectHandler
2016-09-18 22:15:41,340 INF                  GServerInstance$          /admin => com.twitter.server.handler.SummaryHandler
2016-09-18 22:15:41,340 INF                  GServerInstance$          /admin/server_info => com.twitter.finagle.Filter$$anon$1
2016-09-18 22:15:41,340 INF                  GServerInstance$          /admin/contention => com.twitter.finagle.Filter$$anon$1
2016-09-18 22:15:41,340 INF                  GServerInstance$          /admin/lint => com.twitter.server.handler.LintHandler
2016-09-18 22:15:41,340 INF                  GServerInstance$          /admin/lint.json => com.twitter.server.handler.LintHandler
2016-09-18 22:15:41,340 INF                  GServerInstance$          /admin/threads => com.twitter.server.handler.ThreadsHandler
2016-09-18 22:15:41,340 INF                  GServerInstance$          /admin/threads.json => com.twitter.server.handler.ThreadsHandler
2016-09-18 22:15:41,340 INF                  GServerInstance$          /admin/announcer => com.twitter.finagle.Filter$$anon$1
2016-09-18 22:15:41,341 INF                  GServerInstance$          /admin/dtab => com.twitter.finagle.Filter$$anon$1
2016-09-18 22:15:41,341 INF                  GServerInstance$          /admin/pprof/heap => com.twitter.server.handler.HeapResourceHandler
2016-09-18 22:15:41,341 INF                  GServerInstance$          /admin/pprof/profile => com.twitter.server.handler.ProfileResourceHandler
2016-09-18 22:15:41,341 INF                  GServerInstance$          /admin/pprof/contention => com.twitter.server.handler.ProfileResourceHandler
2016-09-18 22:15:41,341 INF                  GServerInstance$          /admin/ping => com.twitter.server.handler.ReplyHandler
2016-09-18 22:15:41,341 INF                  GServerInstance$          /admin/shutdown => com.twitter.server.handler.ShutdownHandler
2016-09-18 22:15:41,341 INF                  GServerInstance$          /admin/tracing => com.twitter.server.handler.TracingHandler
2016-09-18 22:15:41,342 INF                  GServerInstance$          /admin/events => com.twitter.server.handler.EventsHandler
2016-09-18 22:15:41,342 INF                  GServerInstance$          /admin/events/record/ => com.twitter.server.handler.EventRecordingHandler
2016-09-18 22:15:41,342 INF                  GServerInstance$          /admin/logging => com.twitter.server.handler.LoggingHandler
2016-09-18 22:15:41,342 INF                  GServerInstance$          /admin/metrics => com.twitter.server.handler.MetricQueryHandler
2016-09-18 22:15:41,342 INF                  GServerInstance$          /admin/clients/ => com.twitter.server.handler.ClientRegistryHandler
2016-09-18 22:15:41,342 INF                  GServerInstance$          /admin/servers/ => com.twitter.server.handler.ServerRegistryHandler
2016-09-18 22:15:41,343 INF                  GServerInstance$          /admin/files/ => com.twitter.server.handler.ResourceHandler
2016-09-18 22:15:41,343 INF                  GServerInstance$          /admin/registry.json => com.twitter.server.handler.RegistryHandler
2016-09-18 22:15:41,343 INF                  GServerInstance$          /admin/toggles => com.twitter.server.handler.ToggleHandler
2016-09-18 22:15:41,343 INF                  GServerInstance$          /admin/toggles/ => com.twitter.server.handler.ToggleHandler
2016-09-18 22:15:41,343 INF                  GServerInstance$          /favicon.ico => com.twitter.server.handler.ResourceHandler
2016-09-18 22:15:41,343 INF                  GServerInstance$          /admin/histograms => com.twitter.server.handler.HistogramQueryHandler
2016-09-18 22:15:41,344 INF                  GServerInstance$          /admin/histograms.json => com.twitter.server.handler.HistogramQueryHandler
2016-09-18 22:15:41,387 INF                  GServerInstance$          http server started on port: 8080
2016-09-18 22:15:41,390 INF                  GServerInstance$          Enabling health endpoint on port 9990
2016-09-18 22:15:41,391 INF                  GServerInstance$          core.GServerInstance started.
2016-09-18 22:15:41,392 INF                  GServerInstance$          Startup complete, server ready.
2016-09-18 22:18:02,970 INF                  GServerInstance$          Process started
2016-09-18 22:18:05,408 INF                  GServerInstance$          Resolving Finagle clients before warmup
2016-09-18 22:18:05,415 INF                  GServerInstance$          Done resolving clients: [].
2016-09-18 22:18:05,420 INF                  FinagleBuildRevision$     Resolved Finagle build revision: (rev=aa4f855a8bea18429c2ad99f6184bcd4d4645227)
2016-09-18 22:18:06,618 DEB                  MessageBodyModule$        Configuring MessageBodyManager
2016-09-18 22:18:06,644 INF                  GServerInstance$          Warming up.
2016-09-18 22:18:07,007 INF                  HttpRouter                Adding routes
GET     /ping
POST    /login
2016-09-18 22:18:07,025 INF                  GServerInstance$           => com.twitter.server.handler.AdminRedirectHandler
2016-09-18 22:18:07,026 INF                  GServerInstance$          /admin => com.twitter.server.handler.SummaryHandler
2016-09-18 22:18:07,026 INF                  GServerInstance$          /admin/server_info => com.twitter.finagle.Filter$$anon$1
2016-09-18 22:18:07,026 INF                  GServerInstance$          /admin/contention => com.twitter.finagle.Filter$$anon$1
2016-09-18 22:18:07,026 INF                  GServerInstance$          /admin/lint => com.twitter.server.handler.LintHandler
2016-09-18 22:18:07,026 INF                  GServerInstance$          /admin/lint.json => com.twitter.server.handler.LintHandler
2016-09-18 22:18:07,026 INF                  GServerInstance$          /admin/threads => com.twitter.server.handler.ThreadsHandler
2016-09-18 22:18:07,026 INF                  GServerInstance$          /admin/threads.json => com.twitter.server.handler.ThreadsHandler
2016-09-18 22:18:07,026 INF                  GServerInstance$          /admin/announcer => com.twitter.finagle.Filter$$anon$1
2016-09-18 22:18:07,026 INF                  GServerInstance$          /admin/dtab => com.twitter.finagle.Filter$$anon$1
2016-09-18 22:18:07,026 INF                  GServerInstance$          /admin/pprof/heap => com.twitter.server.handler.HeapResourceHandler
2016-09-18 22:18:07,026 INF                  GServerInstance$          /admin/pprof/profile => com.twitter.server.handler.ProfileResourceHandler
2016-09-18 22:18:07,027 INF                  GServerInstance$          /admin/pprof/contention => com.twitter.server.handler.ProfileResourceHandler
2016-09-18 22:18:07,027 INF                  GServerInstance$          /admin/ping => com.twitter.server.handler.ReplyHandler
2016-09-18 22:18:07,027 INF                  GServerInstance$          /admin/shutdown => com.twitter.server.handler.ShutdownHandler
2016-09-18 22:18:07,027 INF                  GServerInstance$          /admin/tracing => com.twitter.server.handler.TracingHandler
2016-09-18 22:18:07,027 INF                  GServerInstance$          /admin/events => com.twitter.server.handler.EventsHandler
2016-09-18 22:18:07,027 INF                  GServerInstance$          /admin/events/record/ => com.twitter.server.handler.EventRecordingHandler
2016-09-18 22:18:07,027 INF                  GServerInstance$          /admin/logging => com.twitter.server.handler.LoggingHandler
2016-09-18 22:18:07,027 INF                  GServerInstance$          /admin/metrics => com.twitter.server.handler.MetricQueryHandler
2016-09-18 22:18:07,027 INF                  GServerInstance$          /admin/clients/ => com.twitter.server.handler.ClientRegistryHandler
2016-09-18 22:18:07,028 INF                  GServerInstance$          /admin/servers/ => com.twitter.server.handler.ServerRegistryHandler
2016-09-18 22:18:07,028 INF                  GServerInstance$          /admin/files/ => com.twitter.server.handler.ResourceHandler
2016-09-18 22:18:07,031 INF                  GServerInstance$          /admin/registry.json => com.twitter.server.handler.RegistryHandler
2016-09-18 22:18:07,031 INF                  GServerInstance$          /admin/toggles => com.twitter.server.handler.ToggleHandler
2016-09-18 22:18:07,031 INF                  GServerInstance$          /admin/toggles/ => com.twitter.server.handler.ToggleHandler
2016-09-18 22:18:07,031 INF                  GServerInstance$          /favicon.ico => com.twitter.server.handler.ResourceHandler
2016-09-18 22:18:07,031 INF                  GServerInstance$          /admin/histograms => com.twitter.server.handler.HistogramQueryHandler
2016-09-18 22:18:07,035 INF                  GServerInstance$          /admin/histograms.json => com.twitter.server.handler.HistogramQueryHandler
2016-09-18 22:18:07,079 INF                  GServerInstance$          http server started on port: 8080
2016-09-18 22:18:07,080 INF                  GServerInstance$          Enabling health endpoint on port 9990
2016-09-18 22:18:07,082 INF                  GServerInstance$          core.GServerInstance started.
2016-09-18 22:18:07,082 INF                  GServerInstance$          Startup complete, server ready.
2016-09-18 22:20:12,347 INF                  GServerInstance$          Process started
2016-09-18 22:20:13,902 INF                  GServerInstance$          Resolving Finagle clients before warmup
2016-09-18 22:20:13,908 INF                  GServerInstance$          Done resolving clients: [].
2016-09-18 22:20:13,911 INF                  FinagleBuildRevision$     Resolved Finagle build revision: (rev=aa4f855a8bea18429c2ad99f6184bcd4d4645227)
2016-09-18 22:20:14,816 DEB                  MessageBodyModule$        Configuring MessageBodyManager
2016-09-18 22:20:14,842 INF                  GServerInstance$          Warming up.
2016-09-18 22:20:14,954 INF                  HttpRouter                Adding routes
GET     /ping
POST    /login
2016-09-18 22:20:14,961 INF                  GServerInstance$           => com.twitter.server.handler.AdminRedirectHandler
2016-09-18 22:20:14,962 INF                  GServerInstance$          /admin => com.twitter.server.handler.SummaryHandler
2016-09-18 22:20:14,962 INF                  GServerInstance$          /admin/server_info => com.twitter.finagle.Filter$$anon$1
2016-09-18 22:20:14,962 INF                  GServerInstance$          /admin/contention => com.twitter.finagle.Filter$$anon$1
2016-09-18 22:20:14,962 INF                  GServerInstance$          /admin/lint => com.twitter.server.handler.LintHandler
2016-09-18 22:20:14,963 INF                  GServerInstance$          /admin/lint.json => com.twitter.server.handler.LintHandler
2016-09-18 22:20:14,963 INF                  GServerInstance$          /admin/threads => com.twitter.server.handler.ThreadsHandler
2016-09-18 22:20:14,963 INF                  GServerInstance$          /admin/threads.json => com.twitter.server.handler.ThreadsHandler
2016-09-18 22:20:14,963 INF                  GServerInstance$          /admin/announcer => com.twitter.finagle.Filter$$anon$1
2016-09-18 22:20:14,964 INF                  GServerInstance$          /admin/dtab => com.twitter.finagle.Filter$$anon$1
2016-09-18 22:20:14,964 INF                  GServerInstance$          /admin/pprof/heap => com.twitter.server.handler.HeapResourceHandler
2016-09-18 22:20:14,964 INF                  GServerInstance$          /admin/pprof/profile => com.twitter.server.handler.ProfileResourceHandler
2016-09-18 22:20:14,964 INF                  GServerInstance$          /admin/pprof/contention => com.twitter.server.handler.ProfileResourceHandler
2016-09-18 22:20:14,964 INF                  GServerInstance$          /admin/ping => com.twitter.server.handler.ReplyHandler
2016-09-18 22:20:14,965 INF                  GServerInstance$          /admin/shutdown => com.twitter.server.handler.ShutdownHandler
2016-09-18 22:20:14,965 INF                  GServerInstance$          /admin/tracing => com.twitter.server.handler.TracingHandler
2016-09-18 22:20:14,965 INF                  GServerInstance$          /admin/events => com.twitter.server.handler.EventsHandler
2016-09-18 22:20:14,965 INF                  GServerInstance$          /admin/events/record/ => com.twitter.server.handler.EventRecordingHandler
2016-09-18 22:20:14,965 INF                  GServerInstance$          /admin/logging => com.twitter.server.handler.LoggingHandler
2016-09-18 22:20:14,966 INF                  GServerInstance$          /admin/metrics => com.twitter.server.handler.MetricQueryHandler
2016-09-18 22:20:14,966 INF                  GServerInstance$          /admin/clients/ => com.twitter.server.handler.ClientRegistryHandler
2016-09-18 22:20:14,966 INF                  GServerInstance$          /admin/servers/ => com.twitter.server.handler.ServerRegistryHandler
2016-09-18 22:20:14,966 INF                  GServerInstance$          /admin/files/ => com.twitter.server.handler.ResourceHandler
2016-09-18 22:20:14,966 INF                  GServerInstance$          /admin/registry.json => com.twitter.server.handler.RegistryHandler
2016-09-18 22:20:14,967 INF                  GServerInstance$          /admin/toggles => com.twitter.server.handler.ToggleHandler
2016-09-18 22:20:14,967 INF                  GServerInstance$          /admin/toggles/ => com.twitter.server.handler.ToggleHandler
2016-09-18 22:20:14,967 INF                  GServerInstance$          /favicon.ico => com.twitter.server.handler.ResourceHandler
2016-09-18 22:20:14,967 INF                  GServerInstance$          /admin/histograms => com.twitter.server.handler.HistogramQueryHandler
2016-09-18 22:20:14,968 INF                  GServerInstance$          /admin/histograms.json => com.twitter.server.handler.HistogramQueryHandler
2016-09-18 22:20:15,026 INF                  GServerInstance$          http server started on port: 8080
2016-09-18 22:20:15,027 INF                  GServerInstance$          Enabling health endpoint on port 9990
2016-09-18 22:20:15,029 INF                  GServerInstance$          core.GServerInstance started.
2016-09-18 22:20:15,030 INF                  GServerInstance$          Startup complete, server ready.
2016-09-18 22:25:09,330 INF                  GServerInstance$          Process started
2016-09-18 22:25:10,924 INF                  GServerInstance$          Resolving Finagle clients before warmup
2016-09-18 22:25:10,930 INF                  GServerInstance$          Done resolving clients: [].
2016-09-18 22:25:10,933 INF                  FinagleBuildRevision$     Resolved Finagle build revision: (rev=aa4f855a8bea18429c2ad99f6184bcd4d4645227)
2016-09-18 22:25:11,714 DEB                  MessageBodyModule$        Configuring MessageBodyManager
2016-09-18 22:25:11,746 INF                  GServerInstance$          Warming up.
2016-09-18 22:25:11,863 INF                  HttpRouter                Adding routes
GET     /ping
POST    /login
2016-09-18 22:25:11,877 INF                  GServerInstance$           => com.twitter.server.handler.AdminRedirectHandler
2016-09-18 22:25:11,877 INF                  GServerInstance$          /admin => com.twitter.server.handler.SummaryHandler
2016-09-18 22:25:11,877 INF                  GServerInstance$          /admin/server_info => com.twitter.finagle.Filter$$anon$1
2016-09-18 22:25:11,877 INF                  GServerInstance$          /admin/contention => com.twitter.finagle.Filter$$anon$1
2016-09-18 22:25:11,877 INF                  GServerInstance$          /admin/lint => com.twitter.server.handler.LintHandler
2016-09-18 22:25:11,878 INF                  GServerInstance$          /admin/lint.json => com.twitter.server.handler.LintHandler
2016-09-18 22:25:11,878 INF                  GServerInstance$          /admin/threads => com.twitter.server.handler.ThreadsHandler
2016-09-18 22:25:11,878 INF                  GServerInstance$          /admin/threads.json => com.twitter.server.handler.ThreadsHandler
2016-09-18 22:25:11,878 INF                  GServerInstance$          /admin/announcer => com.twitter.finagle.Filter$$anon$1
2016-09-18 22:25:11,878 INF                  GServerInstance$          /admin/dtab => com.twitter.finagle.Filter$$anon$1
2016-09-18 22:25:11,878 INF                  GServerInstance$          /admin/pprof/heap => com.twitter.server.handler.HeapResourceHandler
2016-09-18 22:25:11,878 INF                  GServerInstance$          /admin/pprof/profile => com.twitter.server.handler.ProfileResourceHandler
2016-09-18 22:25:11,878 INF                  GServerInstance$          /admin/pprof/contention => com.twitter.server.handler.ProfileResourceHandler
2016-09-18 22:25:11,878 INF                  GServerInstance$          /admin/ping => com.twitter.server.handler.ReplyHandler
2016-09-18 22:25:11,879 INF                  GServerInstance$          /admin/shutdown => com.twitter.server.handler.ShutdownHandler
2016-09-18 22:25:11,879 INF                  GServerInstance$          /admin/tracing => com.twitter.server.handler.TracingHandler
2016-09-18 22:25:11,879 INF                  GServerInstance$          /admin/events => com.twitter.server.handler.EventsHandler
2016-09-18 22:25:11,879 INF                  GServerInstance$          /admin/events/record/ => com.twitter.server.handler.EventRecordingHandler
2016-09-18 22:25:11,879 INF                  GServerInstance$          /admin/logging => com.twitter.server.handler.LoggingHandler
2016-09-18 22:25:11,879 INF                  GServerInstance$          /admin/metrics => com.twitter.server.handler.MetricQueryHandler
2016-09-18 22:25:11,879 INF                  GServerInstance$          /admin/clients/ => com.twitter.server.handler.ClientRegistryHandler
2016-09-18 22:25:11,879 INF                  GServerInstance$          /admin/servers/ => com.twitter.server.handler.ServerRegistryHandler
2016-09-18 22:25:11,880 INF                  GServerInstance$          /admin/files/ => com.twitter.server.handler.ResourceHandler
2016-09-18 22:25:11,880 INF                  GServerInstance$          /admin/registry.json => com.twitter.server.handler.RegistryHandler
2016-09-18 22:25:11,880 INF                  GServerInstance$          /admin/toggles => com.twitter.server.handler.ToggleHandler
2016-09-18 22:25:11,880 INF                  GServerInstance$          /admin/toggles/ => com.twitter.server.handler.ToggleHandler
2016-09-18 22:25:11,880 INF                  GServerInstance$          /favicon.ico => com.twitter.server.handler.ResourceHandler
2016-09-18 22:25:11,880 INF                  GServerInstance$          /admin/histograms => com.twitter.server.handler.HistogramQueryHandler
2016-09-18 22:25:11,881 INF                  GServerInstance$          /admin/histograms.json => com.twitter.server.handler.HistogramQueryHandler
2016-09-18 22:25:11,929 INF                  GServerInstance$          http server started on port: 8080
2016-09-18 22:25:11,934 INF                  GServerInstance$          Enabling health endpoint on port 9990
2016-09-18 22:25:11,936 INF                  GServerInstance$          core.GServerInstance started.
2016-09-18 22:25:11,937 INF                  GServerInstance$          Startup complete, server ready.
